0 info it worked if it ends with ok
1 verbose cli [ 'node', '/usr/local/bin/npm', 'install', 'roots', '-g' ]
2 info using npm@1.4.14
3 info using node@v0.10.29
4 verbose cache add [ 'roots', null ]
5 verbose cache add name=undefined spec="roots" args=["roots",null]
6 verbose parsed url { protocol: null,
6 verbose parsed url   slashes: null,
6 verbose parsed url   auth: null,
6 verbose parsed url   host: null,
6 verbose parsed url   port: null,
6 verbose parsed url   hostname: null,
6 verbose parsed url   hash: null,
6 verbose parsed url   search: null,
6 verbose parsed url   query: null,
6 verbose parsed url   pathname: 'roots',
6 verbose parsed url   path: 'roots',
6 verbose parsed url   href: 'roots' }
7 silly lockFile e2b4a430-roots roots
8 verbose lock roots /Users/Rinaldi/.npm/e2b4a430-roots.lock
9 silly lockFile e2b4a430-roots roots
10 silly lockFile e2b4a430-roots roots
11 verbose addNamed [ 'roots', '' ]
12 verbose addNamed [ null, '*' ]
13 silly lockFile 734ea7ee-roots roots@
14 verbose lock roots@ /Users/Rinaldi/.npm/734ea7ee-roots.lock
15 silly addNameRange { name: 'roots', range: '*', hasData: false }
16 verbose url raw roots
17 verbose url resolving [ 'https://registry.npmjs.org/', './roots' ]
18 verbose url resolved https://registry.npmjs.org/roots
19 info trying registry request attempt 1 at 13:25:55
20 verbose etag "DOO6WWRE0M2X91A200FN6ZGH0"
21 http GET https://registry.npmjs.org/roots
22 http 304 https://registry.npmjs.org/roots
23 silly registry.get cb [ 304,
23 silly registry.get   { date: 'Wed, 02 Jul 2014 17:25:55 GMT',
23 silly registry.get     server: 'Apache',
23 silly registry.get     via: '1.1 varnish',
23 silly registry.get     'last-modified': 'Wed, 02 Jul 2014 17:25:55 GMT',
23 silly registry.get     'cache-control': 'max-age=30',
23 silly registry.get     etag: '"DOO6WWRE0M2X91A200FN6ZGH0"',
23 silly registry.get     'x-served-by': 'cache-jfk1024-JFK',
23 silly registry.get     'x-cache': 'HIT',
23 silly registry.get     'x-cache-hits': '1',
23 silly registry.get     'x-timer': 'S1404321955.751124,VS0,VE75',
23 silly registry.get     vary: 'Accept',
23 silly registry.get     'content-length': '0',
23 silly registry.get     'keep-alive': 'timeout=10, max=50',
23 silly registry.get     connection: 'Keep-Alive' } ]
24 verbose etag roots from cache
25 silly addNameRange number 2 { name: 'roots', range: '*', hasData: true }
26 silly addNameRange versions [ 'roots',
26 silly addNameRange   [ '0.0.8-6',
26 silly addNameRange     '0.0.8-7',
26 silly addNameRange     '0.0.8-8',
26 silly addNameRange     '0.0.8-9',
26 silly addNameRange     '0.0.9',
26 silly addNameRange     '0.0.9-1',
26 silly addNameRange     '0.0.9-2',
26 silly addNameRange     '0.0.9-3',
26 silly addNameRange     '1.0.0',
26 silly addNameRange     '1.0.1',
26 silly addNameRange     '1.0.1-1',
26 silly addNameRange     '1.0.1-2',
26 silly addNameRange     '1.0.1-3',
26 silly addNameRange     '1.0.2',
26 silly addNameRange     '1.0.2-1',
26 silly addNameRange     '1.0.3',
26 silly addNameRange     '1.0.3-1',
26 silly addNameRange     '1.0.4',
26 silly addNameRange     '1.1.0',
26 silly addNameRange     '1.1.1',
26 silly addNameRange     '1.1.2',
26 silly addNameRange     '1.2.1',
26 silly addNameRange     '1.2.2',
26 silly addNameRange     '1.2.3',
26 silly addNameRange     '1.2.4',
26 silly addNameRange     '1.2.4-1',
26 silly addNameRange     '1.2.4-2',
26 silly addNameRange     '1.2.4-3',
26 silly addNameRange     '1.3.0',
26 silly addNameRange     '1.3.1',
26 silly addNameRange     '1.3.2',
26 silly addNameRange     '1.3.3',
26 silly addNameRange     '1.3.4',
26 silly addNameRange     '1.3.5',
26 silly addNameRange     '1.3.6',
26 silly addNameRange     '1.3.6-1',
26 silly addNameRange     '1.3.6-2',
26 silly addNameRange     '1.3.6-3',
26 silly addNameRange     '1.3.6-4',
26 silly addNameRange     '2.0.0',
26 silly addNameRange     '2.0.1',
26 silly addNameRange     '2.0.2',
26 silly addNameRange     '2.0.3',
26 silly addNameRange     '2.0.4',
26 silly addNameRange     '2.0.5',
26 silly addNameRange     '2.0.6',
26 silly addNameRange     '2.1.0-beta1',
26 silly addNameRange     '2.1.0-beta2',
26 silly addNameRange     '2.1.0-beta3',
26 silly addNameRange     '2.1.0-beta4',
26 silly addNameRange     '2.1.0',
26 silly addNameRange     '3.0.0-rc.0',
26 silly addNameRange     '2.1.1',
26 silly addNameRange     '2.1.2',
26 silly addNameRange     '3.0.0-rc.1',
26 silly addNameRange     '3.0.0-rc.2',
26 silly addNameRange     '3.0.0-rc.3',
26 silly addNameRange     '3.0.0-rc.4',
26 silly addNameRange     '3.0.0-rc.5',
26 silly addNameRange     '2.1.3',
26 silly addNameRange     '3.0.0-rc.6',
26 silly addNameRange     '3.0.0-rc.7',
26 silly addNameRange     '2.1.4' ] ]
27 verbose addNamed [ 'roots', '2.1.4' ]
28 verbose addNamed [ '2.1.4', '2.1.4' ]
29 silly lockFile 6b56377f-roots-2-1-4 roots@2.1.4
30 verbose lock roots@2.1.4 /Users/Rinaldi/.npm/6b56377f-roots-2-1-4.lock
31 silly lockFile 6b56377f-roots-2-1-4 roots@2.1.4
32 silly lockFile 6b56377f-roots-2-1-4 roots@2.1.4
33 silly lockFile 734ea7ee-roots roots@
34 silly lockFile 734ea7ee-roots roots@
35 error Error: EACCES, open '/Users/Rinaldi/.npm/roots/2.1.4/package/package.json'
35 error  { [Error: EACCES, open '/Users/Rinaldi/.npm/roots/2.1.4/package/package.json']
35 error   errno: 3,
35 error   code: 'EACCES',
35 error   path: '/Users/Rinaldi/.npm/roots/2.1.4/package/package.json' }
36 error Please try running this command again as root/Administrator.
37 error System Darwin 13.2.0
38 error command "node" "/usr/local/bin/npm" "install" "roots" "-g"
39 error cwd /Users/Rinaldi/Documents/projects/static/jekyllsite
40 error node -v v0.10.29
41 error npm -v 1.4.14
42 error path /Users/Rinaldi/.npm/roots/2.1.4/package/package.json
43 error code EACCES
44 error errno 3
45 error stack Error: EACCES, open '/Users/Rinaldi/.npm/roots/2.1.4/package/package.json'
46 verbose exit [ 3, true ]
